<?xml version="1.0" encoding="UTF-8"?>
<!-- Generated by org.testng.reporters.JUnitReportReporter -->
<testsuite hostname="HAREESHMA-SARATH-IRISH" failures="0" tests="2" name="testNGAssignment.GoogleSearchTest" time="5.889" errors="0" timestamp="2024-07-23T22:39:26 IST" skipped="0">
  <testcase classname="testNGAssignment.GoogleSearchTest" name="javascriptExecuterGoogleSearchCheck" time="3.389"/>
  <system-out/>
  <testcase classname="testNGAssignment.GoogleSearchTest" name="parameterizartionGoogleSearchCheck" time="2.500"/>
  <system-out/>
</testsuite> <!-- testNGAssignment.GoogleSearchTest -->
