<?xml version="1.0" encoding="UTF-8"?>
<!-- Generated by org.testng.reporters.JUnitReportReporter -->
<testsuite hostname="HAREESHMA-SARATH-IRISH" failures="0" tests="1" name="assignmentTwo.ObsquraTestingSiteTestTwo" time="6.659" errors="0" timestamp="2024-07-12T22:14:40 IST" skipped="0">
  <testcase classname="assignmentTwo.ObsquraTestingSiteTestTwo" name="printFirstRowValues" time="6.659"/>
  <system-out/>
</testsuite> <!-- assignmentTwo.ObsquraTestingSiteTestTwo -->
