<?xml version="1.0" encoding="UTF-8"?>
<!-- Generated by org.testng.reporters.JUnitReportReporter -->
<testsuite hostname="HAREESHMA-SARATH-IRISH" failures="0" tests="5" name="assignmentTwo.DropDownHandlingTest" time="62.028" errors="0" timestamp="2024-07-12T22:22:29 IST" skipped="0">
  <testcase classname="assignmentTwo.DropDownHandlingTest" name="findNumberOfDropDowns" time="22.687"/>
  <system-out/>
  <testcase classname="assignmentTwo.DropDownHandlingTest" name="selectCourseAndPrintValue" time="6.013"/>
  <system-out/>
  <testcase classname="assignmentTwo.DropDownHandlingTest" name="valuesOfCourseNameDropBox" time="21.669"/>
  <system-out/>
  <testcase classname="assignmentTwo.DropDownHandlingTest" name="valueSelectInIDEAndPrint" time="6.625"/>
  <system-out/>
  <testcase classname="assignmentTwo.DropDownHandlingTest" name="findIDEDropDownIsMulti" time="5.034"/>
  <system-out/>
</testsuite> <!-- assignmentTwo.DropDownHandlingTest -->
