<?xml version="1.0" encoding="UTF-8"?>
<!-- Generated by org.testng.reporters.JUnitReportReporter -->
<testsuite hostname="HAREESHMA-SARATH-IRISH" failures="0" tests="1" name="assignmentThree.ToolTipTest" time="10.120" errors="0" timestamp="2024-07-19T08:57:25 IST" skipped="0">
  <testcase classname="assignmentThree.ToolTipTest" name="verifyToolTipIsShowingOrNotUsingActionClass" time="10.120"/>
  <system-out/>
</testsuite> <!-- assignmentThree.ToolTipTest -->
