<?xml version="1.0" encoding="UTF-8"?>
<!-- Generated by org.testng.reporters.JUnitReportReporter -->
<testsuite hostname="HAREESHMA-SARATH-IRISH" failures="0" tests="1" name="assignmentThree.SuperMarketAssetionTest" time="3.045" errors="0" timestamp="2024-07-17T00:35:06 IST" skipped="0">
  <testcase classname="assignmentThree.SuperMarketAssetionTest" name="verifyUnsuccessfullLoginByURL" time="3.045"/>
  <system-out/>
</testsuite> <!-- assignmentThree.SuperMarketAssetionTest -->
