<?xml version="1.0" encoding="UTF-8"?>
<!-- Generated by org.testng.reporters.JUnitReportReporter -->
<testsuite hostname="HAREESHMA-SARATH-IRISH" failures="0" tests="1" name="assignmentTwo.AlertHandlingTest" time="13.412" errors="0" timestamp="2024-07-12T22:17:14 IST" skipped="0">
  <testcase classname="assignmentTwo.AlertHandlingTest" name="verifyAlertHandlingButtonClicks" time="13.412"/>
  <system-out/>
</testsuite> <!-- assignmentTwo.AlertHandlingTest -->
