<?xml version="1.0" encoding="UTF-8"?>
<!-- Generated by org.testng.reporters.JUnitReportReporter -->
<testsuite hostname="HAREESHMA-SARATH-IRISH" failures="0" tests="1" name="assignmentTwo.ObsquraTestingSiteTestOne" time="8.423" errors="0" timestamp="2024-07-12T22:11:49 IST" skipped="0">
  <testcase classname="assignmentTwo.ObsquraTestingSiteTestOne" name="verifyBasicSeleniumCommands" time="8.423"/>
  <system-out/>
</testsuite> <!-- assignmentTwo.ObsquraTestingSiteTestOne -->
