<?xml version="1.0" encoding="UTF-8"?>
<!-- Generated by org.testng.reporters.JUnitReportReporter -->
<testsuite hostname="HAREESHMA-SARATH-IRISH" failures="0" tests="1" name="assignmentTwo.FileUploadTest" time="10.181" errors="0" timestamp="2024-07-13T19:09:56 IST" skipped="0">
  <testcase classname="assignmentTwo.FileUploadTest" name="sendKeysMethod" time="10.181"/>
  <system-out/>
</testsuite> <!-- assignmentTwo.FileUploadTest -->
