<?xml version="1.0" encoding="UTF-8"?>
<!-- Generated by org.testng.reporters.JUnitReportReporter -->
<testsuite hostname="HAREESHMA-SARATH-IRISH" failures="0" tests="1" name="assignmentFour.WaitsTest" time="8.468" errors="0" timestamp="2024-07-18T17:34:43 IST" skipped="0">
  <testcase classname="assignmentFour.WaitsTest" name="verifySuccessfullLoginConatins" time="8.468"/>
  <system-out/>
</testsuite> <!-- assignmentFour.WaitsTest -->
